2018-2-3 16-23-47	错误:  函数 linestringfromtext(unknown) 不存在
LINE 1: ... 46 then 1 end, envelope = CASE id  when 46 then  LINESTRING...
                                                             ^
HINT:  没有匹配指定名称和参数类型的函数. 您也许需要增加明确的类型转换.

2018-2-3 16-26-58	错误:  函数 linestringfromtext(unknown) 不存在
LINE 1: ... 46 then 1 end, envelope = CASE id  when 46 then  LINESTRING...
                                                             ^
HINT:  没有匹配指定名称和参数类型的函数. 您也许需要增加明确的类型转换.

2018-2-3 16-26-58	update tb_task_block set status = CASE id  when 46 then 1 end, envelope = CASE id  when 46 then  LINESTRINGFROMTEXT('LINESTRING(126.255980 40.176280,126.256345 40.177063)')  end, updatetime = CASE id  when 46 then '2018-02-03 16:26:57'  end where id in(46) and "status"  not in (5,6)
2018-2-3 16-28-1	错误:  函数 st_linestringfromtext(unknown) 不存在
LINE 1: ... 46 then 1 end, envelope = CASE id  when 46 then  st_LINESTR...
                                                             ^
HINT:  没有匹配指定名称和参数类型的函数. 您也许需要增加明确的类型转换.

2018-2-3 16-28-1	update tb_task_block set status = CASE id  when 46 then 1 end, envelope = CASE id  when 46 then  st_LINESTRINGFROMTEXT('LINESTRING(126.255980 40.176280,126.256345 40.177063)')  end, updatetime = CASE id  when 46 then '2018-02-03 16:27:59'  end where id in(46) and "status"  not in (5,6)
2018-2-3 16-28-38	错误:  字段 "updatetime" 的类型为 timestamp without time zone, 但表达式的类型为 text
LINE 1: ...176280,126.256345 40.177063)')  end, updatetime = CASE id  w...
                                                             ^
HINT:  你需要重写或转换表达式

2018-2-3 16-28-38	update tb_task_block set status = CASE id  when 46 then 1 end, envelope = CASE id  when 46 then  st_geomfromtext('LINESTRING(126.255980 40.176280,126.256345 40.177063)')  end, updatetime = CASE id  when 46 then '2018-02-03 16:28:38'  end where id in(46) and "status"  not in (5,6)
2018-3-12 18-47-43	ERROR:  syntax error at end of input
LINE 1: ... tb_task_block set  manualroadnum = CASE id  when 3339 then 
                                                                       ^

2018-3-12 18-47-43	update tb_task_block set  manualroadnum = CASE id  when 3339 then 
2018-3-27 10-38-41	ERROR:  syntax error at or near "where"
LINE 1: update tb_task_blockdetail set  where id in (20634,20633,206...
                                        ^

2018-3-27 10-38-41	update tb_task_blockdetail set  where id in (20634,20633,20632,29544,29543,29542,29541,29540,29539,29538,29537,29536,29535,45972,45971,45970,45957,45956,45955,45954,45953,45952,45951,45950,45949,45948,45947,45946,45945,45944,45943,45942,45969,45968,45967,45966,45965,45964,45963,45962,45961,45960,45959,45958,66933,66932,66931,67090,67089,67088)
2018-3-27 10-40-59	ERROR:  syntax error at or near "where"
LINE 1: update tb_task_blockdetail set  where id in (20634,20633,206...
                                        ^

2018-3-27 10-40-59	update tb_task_blockdetail set  where id in (20634,20633,20632,29544,29543,29542,29541,29540,29539,29538,29537,29536,29535,45972,45971,45970,45957,45956,45955,45954,45953,45952,45951,45950,45949,45948,45947,45946,45945,45944,45943,45942,45969,45968,45967,45966,45965,45964,45963,45962,45961,45960,45959,45958,66933,66932,66931,67090,67089,67088)
2018-3-27 10-41-24	ERROR:  syntax error at or near "where"
LINE 1: update tb_task_blockdetail set  where id in (20634,20633,206...
                                        ^

2018-3-27 10-41-24	update tb_task_blockdetail set  where id in (20634,20633,20632,29544,29543,29542,29541,29540,29539,29538,29537,29536,29535,45972,45971,45970,45957,45956,45955,45954,45953,45952,45951,45950,45949,45948,45947,45946,45945,45944,45943,45942,45969,45968,45967,45966,45965,45964,45963,45962,45961,45960,45959,45958,66933,66932,66931,67090,67089,67088)
2018-3-27 10-42-1	ERROR:  syntax error at or near "where"
LINE 1: update tb_task_blockdetail set  where id in (20634,20633,206...
                                        ^

2018-3-27 10-42-1	update tb_task_blockdetail set  where id in (20634,20633,20632,29544,29543,29542,29541,29540,29539,29538,29537,29536,29535,45972,45971,45970,45957,45956,45955,45954,45953,45952,45951,45950,45949,45948,45947,45946,45945,45944,45943,45942,45969,45968,45967,45966,45965,45964,45963,45962,45961,45960,45959,45958,66933,66932,66931,67090,67089,67088)
2018-3-27 10-42-44	ERROR:  syntax error at or near "where"
LINE 1: update tb_task_blockdetail set  where id in (20634,20633,206...
                                        ^

2018-3-27 10-42-44	update tb_task_blockdetail set  where id in (20634,20633,20632,29544,29543,29542,29541,29540,29539,29538,29537,29536,29535,45972,45971,45970,45957,45956,45955,45954,45953,45952,45951,45950,45949,45948,45947,45946,45945,45944,45943,45942,45969,45968,45967,45966,45965,45964,45963,45962,45961,45960,45959,45958,66933,66932,66931,67090,67089,67088)
2018-3-27 10-44-29	ERROR:  syntax error at or near "where"
LINE 1: update tb_task_blockdetail set  where id in (20634,20633,206...
                                        ^

2018-3-27 10-44-29	update tb_task_blockdetail set  where id in (20634,20633,20632,29544,29543,29542,29541,29540,29539,29538,29537,29536,29535,45972,45971,45970,45957,45956,45955,45954,45953,45952,45951,45950,45949,45948,45947,45946,45945,45944,45943,45942,45969,45968,45967,45966,45965,45964,45963,45962,45961,45960,45959,45958,66933,66932,66931,67090,67089,67088)
2018-3-27 10-45-14	ERROR:  syntax error at or near "where"
LINE 1: update tb_task_blockdetail set  where id in (20634,20633,206...
                                        ^

2018-3-27 10-45-14	update tb_task_blockdetail set  where id in (20634,20633,20632,29544,29543,29542,29541,29540,29539,29538,29537,29536,29535,45972,45971,45970,45957,45956,45955,45954,45953,45952,45951,45950,45949,45948,45947,45946,45945,45944,45943,45942,45969,45968,45967,45966,45965,45964,45963,45962,45961,45960,45959,45958,66933,66932,66931,67090,67089,67088)
2018-3-27 10-45-58	ERROR:  syntax error at or near "where"
LINE 1: update tb_task_blockdetail set  where id in (20634,20633,206...
                                        ^

2018-3-27 10-45-58	update tb_task_blockdetail set  where id in (20634,20633,20632,29544,29543,29542,29541,29540,29539,29538,29537,29536,29535,45972,45971,45970,45957,45956,45955,45954,45953,45952,45951,45950,45949,45948,45947,45946,45945,45944,45943,45942,45969,45968,45967,45966,45965,45964,45963,45962,45961,45960,45959,45958,66933,66932,66931,67090,67089,67088)
2018-3-27 10-46-29	ERROR:  syntax error at or near "where"
LINE 1: update tb_task_blockdetail set  where id in (20634,20633,206...
                                        ^

2018-3-27 10-46-29	update tb_task_blockdetail set  where id in (20634,20633,20632,29544,29543,29542,29541,29540,29539,29538,29537,29536,29535,45972,45971,45970,45957,45956,45955,45954,45953,45952,45951,45950,45949,45948,45947,45946,45945,45944,45943,45942,45969,45968,45967,45966,45965,45964,45963,45962,45961,45960,45959,45958,66933,66932,66931,67090,67089,67088)
2018-3-27 10-46-53	ERROR:  syntax error at or near "where"
LINE 1: update tb_task_blockdetail set  where id in (20634,20633,206...
                                        ^

2018-3-27 10-46-53	update tb_task_blockdetail set  where id in (20634,20633,20632,29544,29543,29542,29541,29540,29539,29538,29537,29536,29535,45972,45971,45970,45957,45956,45955,45954,45953,45952,45951,45950,45949,45948,45947,45946,45945,45944,45943,45942,45969,45968,45967,45966,45965,45964,45963,45962,45961,45960,45959,45958,66933,66932,66931,67090,67089,67088)
2018-3-27 10-47-21	ERROR:  syntax error at or near "where"
LINE 1: update tb_task_blockdetail set  where id in (20634,20633,206...
                                        ^

2018-3-27 10-47-21	update tb_task_blockdetail set  where id in (20634,20633,20632,29544,29543,29542,29541,29540,29539,29538,29537,29536,29535,45972,45971,45970,45957,45956,45955,45954,45953,45952,45951,45950,45949,45948,45947,45946,45945,45944,45943,45942,45969,45968,45967,45966,45965,45964,45963,45962,45961,45960,45959,45958,66933,66932,66931,67090,67089,67088)
2018-3-27 10-47-49	ERROR:  syntax error at or near "where"
LINE 1: update tb_task_blockdetail set  where id in (20634,20633,206...
                                        ^

2018-3-27 10-47-49	update tb_task_blockdetail set  where id in (20634,20633,20632,29544,29543,29542,29541,29540,29539,29538,29537,29536,29535,45972,45971,45970,45957,45956,45955,45954,45953,45952,45951,45950,45949,45948,45947,45946,45945,45944,45943,45942,45969,45968,45967,45966,45965,45964,45963,45962,45961,45960,45959,45958,66933,66932,66931,67090,67089,67088)
2018-3-27 10-48-13	ERROR:  syntax error at or near "where"
LINE 1: update tb_task_blockdetail set  where id in (20634,20633,206...
                                        ^

2018-3-27 10-48-13	update tb_task_blockdetail set  where id in (20634,20633,20632,29544,29543,29542,29541,29540,29539,29538,29537,29536,29535,45972,45971,45970,45957,45956,45955,45954,45953,45952,45951,45950,45949,45948,45947,45946,45945,45944,45943,45942,45969,45968,45967,45966,45965,45964,45963,45962,45961,45960,45959,45958,66933,66932,66931,67090,67089,67088)
2018-3-27 10-48-43	ERROR:  syntax error at or near "where"
LINE 1: update tb_task_blockdetail set  where id in (20634,20633,206...
                                        ^

2018-3-27 10-48-43	update tb_task_blockdetail set  where id in (20634,20633,20632,29544,29543,29542,29541,29540,29539,29538,29537,29536,29535,45972,45971,45970,45957,45956,45955,45954,45953,45952,45951,45950,45949,45948,45947,45946,45945,45944,45943,45942,45969,45968,45967,45966,45965,45964,45963,45962,45961,45960,45959,45958,66933,66932,66931,67090,67089,67088)
2018-3-27 10-49-15	ERROR:  syntax error at or near "where"
LINE 1: update tb_task_blockdetail set  where id in (20634,20633,206...
                                        ^

2018-3-27 10-49-15	update tb_task_blockdetail set  where id in (20634,20633,20632,29544,29543,29542,29541,29540,29539,29538,29537,29536,29535,45972,45971,45970,45957,45956,45955,45954,45953,45952,45951,45950,45949,45948,45947,45946,45945,45944,45943,45942,45969,45968,45967,45966,45965,45964,45963,45962,45961,45960,45959,45958,66933,66932,66931,67090,67089,67088)
2018-3-27 10-49-49	ERROR:  syntax error at or near "where"
LINE 1: update tb_task_blockdetail set  where id in (20634,20633,206...
                                        ^

2018-3-27 10-49-49	update tb_task_blockdetail set  where id in (20634,20633,20632,29544,29543,29542,29541,29540,29539,29538,29537,29536,29535,45972,45971,45970,45957,45956,45955,45954,45953,45952,45951,45950,45949,45948,45947,45946,45945,45944,45943,45942,45969,45968,45967,45966,45965,45964,45963,45962,45961,45960,45959,45958,66933,66932,66931,67090,67089,67088)
2018-3-27 10-50-56	ERROR:  syntax error at or near "where"
LINE 1: update tb_task_blockdetail set  where id in (20634,20633,206...
                                        ^

2018-3-27 10-50-56	update tb_task_blockdetail set  where id in (20634,20633,20632,29544,29543,29542,29541,29540,29539,29538,29537,29536,29535,45972,45971,45970,45957,45956,45955,45954,45953,45952,45951,45950,45949,45948,45947,45946,45945,45944,45943,45942,45969,45968,45967,45966,45965,45964,45963,45962,45961,45960,45959,45958,66933,66932,66931,67090,67089,67088)
2018-3-27 10-51-25	ERROR:  syntax error at or near "where"
LINE 1: update tb_task_blockdetail set  where id in (20634,20633,206...
                                        ^

2018-3-27 10-51-25	update tb_task_blockdetail set  where id in (20634,20633,20632,29544,29543,29542,29541,29540,29539,29538,29537,29536,29535,45972,45971,45970,45957,45956,45955,45954,45953,45952,45951,45950,45949,45948,45947,45946,45945,45944,45943,45942,45969,45968,45967,45966,45965,45964,45963,45962,45961,45960,45959,45958,66933,66932,66931,67090,67089,67088)
2018-3-27 10-51-50	ERROR:  syntax error at or near "where"
LINE 1: update tb_task_blockdetail set  where id in (20634,20633,206...
                                        ^

2018-3-27 10-51-50	update tb_task_blockdetail set  where id in (20634,20633,20632,29544,29543,29542,29541,29540,29539,29538,29537,29536,29535,45972,45971,45970,45957,45956,45955,45954,45953,45952,45951,45950,45949,45948,45947,45946,45945,45944,45943,45942,45969,45968,45967,45966,45965,45964,45963,45962,45961,45960,45959,45958,66933,66932,66931,67090,67089,67088)
2018-3-27 10-52-12	ERROR:  syntax error at or near "where"
LINE 1: update tb_task_blockdetail set  where id in (20634,20633,206...
                                        ^

2018-3-27 10-52-12	update tb_task_blockdetail set  where id in (20634,20633,20632,29544,29543,29542,29541,29540,29539,29538,29537,29536,29535,45972,45971,45970,45957,45956,45955,45954,45953,45952,45951,45950,45949,45948,45947,45946,45945,45944,45943,45942,45969,45968,45967,45966,45965,45964,45963,45962,45961,45960,45959,45958,66933,66932,66931,67090,67089,67088)
2018-3-27 10-52-51	ERROR:  syntax error at or near "where"
LINE 1: update tb_task_blockdetail set  where id in (20634,20633,206...
                                        ^

2018-3-27 10-52-51	update tb_task_blockdetail set  where id in (20634,20633,20632,29544,29543,29542,29541,29540,29539,29538,29537,29536,29535,45972,45971,45970,45957,45956,45955,45954,45953,45952,45951,45950,45949,45948,45947,45946,45945,45944,45943,45942,45969,45968,45967,45966,45965,45964,45963,45962,45961,45960,45959,45958,66933,66932,66931,67090,67089,67088)
2018-3-27 10-53-21	ERROR:  syntax error at or near "where"
LINE 1: update tb_task_blockdetail set  where id in (20634,20633,206...
                                        ^

2018-3-27 10-53-21	update tb_task_blockdetail set  where id in (20634,20633,20632,29544,29543,29542,29541,29540,29539,29538,29537,29536,29535,45972,45971,45970,45957,45956,45955,45954,45953,45952,45951,45950,45949,45948,45947,45946,45945,45944,45943,45942,45969,45968,45967,45966,45965,45964,45963,45962,45961,45960,45959,45958,66933,66932,66931,67090,67089,67088)
2018-3-27 10-53-56	ERROR:  syntax error at or near "where"
LINE 1: update tb_task_blockdetail set  where id in (20634,20633,206...
                                        ^

2018-3-27 10-53-56	update tb_task_blockdetail set  where id in (20634,20633,20632,29544,29543,29542,29541,29540,29539,29538,29537,29536,29535,45972,45971,45970,45957,45956,45955,45954,45953,45952,45951,45950,45949,45948,45947,45946,45945,45944,45943,45942,45969,45968,45967,45966,45965,45964,45963,45962,45961,45960,45959,45958,66933,66932,66931,67090,67089,67088)
2018-3-27 10-54-21	ERROR:  syntax error at or near "where"
LINE 1: update tb_task_blockdetail set  where id in (20634,20633,206...
                                        ^

2018-3-27 10-54-21	update tb_task_blockdetail set  where id in (20634,20633,20632,29544,29543,29542,29541,29540,29539,29538,29537,29536,29535,45972,45971,45970,45957,45956,45955,45954,45953,45952,45951,45950,45949,45948,45947,45946,45945,45944,45943,45942,45969,45968,45967,45966,45965,45964,45963,45962,45961,45960,45959,45958,66933,66932,66931,67090,67089,67088)
2018-3-27 10-54-53	ERROR:  syntax error at or near "where"
LINE 1: update tb_task_blockdetail set  where id in (20634,20633,206...
                                        ^

2018-3-27 10-54-53	update tb_task_blockdetail set  where id in (20634,20633,20632,29544,29543,29542,29541,29540,29539,29538,29537,29536,29535,45972,45971,45970,45957,45956,45955,45954,45953,45952,45951,45950,45949,45948,45947,45946,45945,45944,45943,45942,45969,45968,45967,45966,45965,45964,45963,45962,45961,45960,45959,45958,66933,66932,66931,67090,67089,67088)
2018-3-27 10-55-21	ERROR:  syntax error at or near "where"
LINE 1: update tb_task_blockdetail set  where id in (20634,20633,206...
                                        ^

2018-3-27 10-55-21	update tb_task_blockdetail set  where id in (20634,20633,20632,29544,29543,29542,29541,29540,29539,29538,29537,29536,29535,45972,45971,45970,45957,45956,45955,45954,45953,45952,45951,45950,45949,45948,45947,45946,45945,45944,45943,45942,45969,45968,45967,45966,45965,45964,45963,45962,45961,45960,45959,45958,66933,66932,66931,67090,67089,67088)
2018-3-27 10-55-52	ERROR:  syntax error at or near "where"
LINE 1: update tb_task_blockdetail set  where id in (20634,20633,206...
                                        ^

2018-3-27 10-55-52	update tb_task_blockdetail set  where id in (20634,20633,20632,29544,29543,29542,29541,29540,29539,29538,29537,29536,29535,45972,45971,45970,45957,45956,45955,45954,45953,45952,45951,45950,45949,45948,45947,45946,45945,45944,45943,45942,45969,45968,45967,45966,45965,45964,45963,45962,45961,45960,45959,45958,66933,66932,66931,67090,67089,67088)
2018-3-27 10-56-18	ERROR:  syntax error at or near "where"
LINE 1: update tb_task_blockdetail set  where id in (20634,20633,206...
                                        ^

2018-3-27 10-56-18	update tb_task_blockdetail set  where id in (20634,20633,20632,29544,29543,29542,29541,29540,29539,29538,29537,29536,29535,45972,45971,45970,45957,45956,45955,45954,45953,45952,45951,45950,45949,45948,45947,45946,45945,45944,45943,45942,45969,45968,45967,45966,45965,45964,45963,45962,45961,45960,45959,45958,66933,66932,66931,67090,67089,67088)
2018-3-27 10-56-45	ERROR:  syntax error at or near "where"
LINE 1: update tb_task_blockdetail set  where id in (20634,20633,206...
                                        ^

2018-3-27 10-56-45	update tb_task_blockdetail set  where id in (20634,20633,20632,29544,29543,29542,29541,29540,29539,29538,29537,29536,29535,45972,45971,45970,45957,45956,45955,45954,45953,45952,45951,45950,45949,45948,45947,45946,45945,45944,45943,45942,45969,45968,45967,45966,45965,45964,45963,45962,45961,45960,45959,45958,66933,66932,66931,67090,67089,67088)
2018-3-27 10-57-11	ERROR:  syntax error at or near "where"
LINE 1: update tb_task_blockdetail set  where id in (20634,20633,206...
                                        ^

2018-3-27 10-57-11	update tb_task_blockdetail set  where id in (20634,20633,20632,29544,29543,29542,29541,29540,29539,29538,29537,29536,29535,45972,45971,45970,45957,45956,45955,45954,45953,45952,45951,45950,45949,45948,45947,45946,45945,45944,45943,45942,45969,45968,45967,45966,45965,45964,45963,45962,45961,45960,45959,45958,66933,66932,66931,67090,67089,67088)
2018-3-27 10-57-41	ERROR:  syntax error at or near "where"
LINE 1: update tb_task_blockdetail set  where id in (20634,20633,206...
                                        ^

2018-3-27 10-57-41	update tb_task_blockdetail set  where id in (20634,20633,20632,29544,29543,29542,29541,29540,29539,29538,29537,29536,29535,45972,45971,45970,45957,45956,45955,45954,45953,45952,45951,45950,45949,45948,45947,45946,45945,45944,45943,45942,45969,45968,45967,45966,45965,45964,45963,45962,45961,45960,45959,45958,66933,66932,66931,67090,67089,67088)
2018-3-27 10-58-21	ERROR:  syntax error at or near "where"
LINE 1: update tb_task_blockdetail set  where id in (20634,20633,206...
                                        ^

2018-3-27 10-58-21	update tb_task_blockdetail set  where id in (20634,20633,20632,29544,29543,29542,29541,29540,29539,29538,29537,29536,29535,45972,45971,45970,45957,45956,45955,45954,45953,45952,45951,45950,45949,45948,45947,45946,45945,45944,45943,45942,45969,45968,45967,45966,45965,45964,45963,45962,45961,45960,45959,45958,66933,66932,66931,67090,67089,67088)
2018-3-27 10-58-56	ERROR:  syntax error at or near "where"
LINE 1: update tb_task_blockdetail set  where id in (20634,20633,206...
                                        ^

2018-3-27 10-58-56	update tb_task_blockdetail set  where id in (20634,20633,20632,29544,29543,29542,29541,29540,29539,29538,29537,29536,29535,45972,45971,45970,45957,45956,45955,45954,45953,45952,45951,45950,45949,45948,45947,45946,45945,45944,45943,45942,45969,45968,45967,45966,45965,45964,45963,45962,45961,45960,45959,45958,66933,66932,66931,67090,67089,67088)
2018-3-27 10-59-22	ERROR:  syntax error at or near "where"
LINE 1: update tb_task_blockdetail set  where id in (20634,20633,206...
                                        ^

2018-3-27 10-59-22	update tb_task_blockdetail set  where id in (20634,20633,20632,29544,29543,29542,29541,29540,29539,29538,29537,29536,29535,45972,45971,45970,45957,45956,45955,45954,45953,45952,45951,45950,45949,45948,45947,45946,45945,45944,45943,45942,45969,45968,45967,45966,45965,45964,45963,45962,45961,45960,45959,45958,66933,66932,66931,67090,67089,67088)
2018-3-27 10-59-53	ERROR:  syntax error at or near "where"
LINE 1: update tb_task_blockdetail set  where id in (20634,20633,206...
                                        ^

2018-3-27 10-59-53	update tb_task_blockdetail set  where id in (20634,20633,20632,29544,29543,29542,29541,29540,29539,29538,29537,29536,29535,45972,45971,45970,45957,45956,45955,45954,45953,45952,45951,45950,45949,45948,45947,45946,45945,45944,45943,45942,45969,45968,45967,45966,45965,45964,45963,45962,45961,45960,45959,45958,66933,66932,66931,67090,67089,67088)
2018-3-27 11-0-21	ERROR:  syntax error at or near "where"
LINE 1: update tb_task_blockdetail set  where id in (20634,20633,206...
                                        ^

2018-3-27 11-0-21	update tb_task_blockdetail set  where id in (20634,20633,20632,29544,29543,29542,29541,29540,29539,29538,29537,29536,29535,45972,45971,45970,45957,45956,45955,45954,45953,45952,45951,45950,45949,45948,45947,45946,45945,45944,45943,45942,45969,45968,45967,45966,45965,45964,45963,45962,45961,45960,45959,45958,66933,66932,66931,67090,67089,67088)
2018-3-27 11-0-41	ERROR:  syntax error at or near "where"
LINE 1: update tb_task_blockdetail set  where id in (20634,20633,206...
                                        ^

2018-3-27 11-0-41	update tb_task_blockdetail set  where id in (20634,20633,20632,29544,29543,29542,29541,29540,29539,29538,29537,29536,29535,45972,45971,45970,45957,45956,45955,45954,45953,45952,45951,45950,45949,45948,45947,45946,45945,45944,45943,45942,45969,45968,45967,45966,45965,45964,45963,45962,45961,45960,45959,45958,66933,66932,66931,67090,67089,67088)
2018-3-27 11-1-4	ERROR:  syntax error at or near "where"
LINE 1: update tb_task_blockdetail set  where id in (20634,20633,206...
                                        ^

2018-3-27 11-1-4	update tb_task_blockdetail set  where id in (20634,20633,20632,29544,29543,29542,29541,29540,29539,29538,29537,29536,29535,45972,45971,45970,45957,45956,45955,45954,45953,45952,45951,45950,45949,45948,45947,45946,45945,45944,45943,45942,45969,45968,45967,45966,45965,45964,45963,45962,45961,45960,45959,45958,66933,66932,66931,67090,67089,67088)
2018-3-27 11-1-32	ERROR:  syntax error at or near "where"
LINE 1: update tb_task_blockdetail set  where id in (20634,20633,206...
                                        ^

2018-3-27 11-1-32	update tb_task_blockdetail set  where id in (20634,20633,20632,29544,29543,29542,29541,29540,29539,29538,29537,29536,29535,45972,45971,45970,45957,45956,45955,45954,45953,45952,45951,45950,45949,45948,45947,45946,45945,45944,45943,45942,45969,45968,45967,45966,45965,45964,45963,45962,45961,45960,45959,45958,66933,66932,66931,67090,67089,67088)
2018-3-27 11-1-59	ERROR:  syntax error at or near "where"
LINE 1: update tb_task_blockdetail set  where id in (20634,20633,206...
                                        ^

2018-3-27 11-1-59	update tb_task_blockdetail set  where id in (20634,20633,20632,29544,29543,29542,29541,29540,29539,29538,29537,29536,29535,45972,45971,45970,45957,45956,45955,45954,45953,45952,45951,45950,45949,45948,45947,45946,45945,45944,45943,45942,45969,45968,45967,45966,45965,45964,45963,45962,45961,45960,45959,45958,66933,66932,66931,67090,67089,67088)
2018-3-27 11-2-17	ERROR:  syntax error at or near "where"
LINE 1: update tb_task_blockdetail set  where id in (20634,20633,206...
                                        ^

2018-3-27 11-2-17	update tb_task_blockdetail set  where id in (20634,20633,20632,29544,29543,29542,29541,29540,29539,29538,29537,29536,29535,45972,45971,45970,45957,45956,45955,45954,45953,45952,45951,45950,45949,45948,45947,45946,45945,45944,45943,45942,45969,45968,45967,45966,45965,45964,45963,45962,45961,45960,45959,45958,66933,66932,66931,67090,67089,67088)
2018-3-27 11-2-36	ERROR:  syntax error at or near "where"
LINE 1: update tb_task_blockdetail set  where id in (20634,20633,206...
                                        ^

2018-3-27 11-2-36	update tb_task_blockdetail set  where id in (20634,20633,20632,29544,29543,29542,29541,29540,29539,29538,29537,29536,29535,45972,45971,45970,45957,45956,45955,45954,45953,45952,45951,45950,45949,45948,45947,45946,45945,45944,45943,45942,45969,45968,45967,45966,45965,45964,45963,45962,45961,45960,45959,45958,66933,66932,66931,67090,67089,67088)
2018-3-27 11-2-57	ERROR:  syntax error at or near "where"
LINE 1: update tb_task_blockdetail set  where id in (20634,20633,206...
                                        ^

2018-3-27 11-2-57	update tb_task_blockdetail set  where id in (20634,20633,20632,29544,29543,29542,29541,29540,29539,29538,29537,29536,29535,45972,45971,45970,45957,45956,45955,45954,45953,45952,45951,45950,45949,45948,45947,45946,45945,45944,45943,45942,45969,45968,45967,45966,45965,45964,45963,45962,45961,45960,45959,45958,66933,66932,66931,67090,67089,67088)
2018-3-27 11-3-17	ERROR:  syntax error at or near "where"
LINE 1: update tb_task_blockdetail set  where id in (20634,20633,206...
                                        ^

2018-3-27 11-3-17	update tb_task_blockdetail set  where id in (20634,20633,20632,29544,29543,29542,29541,29540,29539,29538,29537,29536,29535,45972,45971,45970,45957,45956,45955,45954,45953,45952,45951,45950,45949,45948,45947,45946,45945,45944,45943,45942,45969,45968,45967,45966,45965,45964,45963,45962,45961,45960,45959,45958,66933,66932,66931,67090,67089,67088)
2018-3-27 11-3-37	ERROR:  syntax error at or near "where"
LINE 1: update tb_task_blockdetail set  where id in (20634,20633,206...
                                        ^

2018-3-27 11-3-37	update tb_task_blockdetail set  where id in (20634,20633,20632,29544,29543,29542,29541,29540,29539,29538,29537,29536,29535,45972,45971,45970,45957,45956,45955,45954,45953,45952,45951,45950,45949,45948,45947,45946,45945,45944,45943,45942,45969,45968,45967,45966,45965,45964,45963,45962,45961,45960,45959,45958,66933,66932,66931,67090,67089,67088)
2018-3-27 11-3-57	ERROR:  syntax error at or near "where"
LINE 1: update tb_task_blockdetail set  where id in (20634,20633,206...
                                        ^

2018-3-27 11-3-57	update tb_task_blockdetail set  where id in (20634,20633,20632,29544,29543,29542,29541,29540,29539,29538,29537,29536,29535,45972,45971,45970,45957,45956,45955,45954,45953,45952,45951,45950,45949,45948,45947,45946,45945,45944,45943,45942,45969,45968,45967,45966,45965,45964,45963,45962,45961,45960,45959,45958,66933,66932,66931,67090,67089,67088)
2018-3-27 11-4-17	ERROR:  syntax error at or near "where"
LINE 1: update tb_task_blockdetail set  where id in (20634,20633,206...
                                        ^

2018-3-27 11-4-17	update tb_task_blockdetail set  where id in (20634,20633,20632,29544,29543,29542,29541,29540,29539,29538,29537,29536,29535,45972,45971,45970,45957,45956,45955,45954,45953,45952,45951,45950,45949,45948,45947,45946,45945,45944,45943,45942,45969,45968,45967,45966,45965,45964,45963,45962,45961,45960,45959,45958,66933,66932,66931,67090,67089,67088)
2018-3-27 11-4-37	ERROR:  syntax error at or near "where"
LINE 1: update tb_task_blockdetail set  where id in (20634,20633,206...
                                        ^

2018-3-27 11-4-37	update tb_task_blockdetail set  where id in (20634,20633,20632,29544,29543,29542,29541,29540,29539,29538,29537,29536,29535,45972,45971,45970,45957,45956,45955,45954,45953,45952,45951,45950,45949,45948,45947,45946,45945,45944,45943,45942,45969,45968,45967,45966,45965,45964,45963,45962,45961,45960,45959,45958,66933,66932,66931,67090,67089,67088)
2018-3-27 11-4-57	ERROR:  syntax error at or near "where"
LINE 1: update tb_task_blockdetail set  where id in (20634,20633,206...
                                        ^

2018-3-27 11-4-57	update tb_task_blockdetail set  where id in (20634,20633,20632,29544,29543,29542,29541,29540,29539,29538,29537,29536,29535,45972,45971,45970,45957,45956,45955,45954,45953,45952,45951,45950,45949,45948,45947,45946,45945,45944,45943,45942,45969,45968,45967,45966,45965,45964,45963,45962,45961,45960,45959,45958,66933,66932,66931,67090,67089,67088)
2018-3-27 11-5-17	ERROR:  syntax error at or near "where"
LINE 1: update tb_task_blockdetail set  where id in (20634,20633,206...
                                        ^

2018-3-27 11-5-17	update tb_task_blockdetail set  where id in (20634,20633,20632,29544,29543,29542,29541,29540,29539,29538,29537,29536,29535,45972,45971,45970,45957,45956,45955,45954,45953,45952,45951,45950,45949,45948,45947,45946,45945,45944,45943,45942,45969,45968,45967,45966,45965,45964,45963,45962,45961,45960,45959,45958,66933,66932,66931,67090,67089,67088)
2018-3-27 11-5-37	ERROR:  syntax error at or near "where"
LINE 1: update tb_task_blockdetail set  where id in (20634,20633,206...
                                        ^

2018-3-27 11-5-37	update tb_task_blockdetail set  where id in (20634,20633,20632,29544,29543,29542,29541,29540,29539,29538,29537,29536,29535,45972,45971,45970,45957,45956,45955,45954,45953,45952,45951,45950,45949,45948,45947,45946,45945,45944,45943,45942,45969,45968,45967,45966,45965,45964,45963,45962,45961,45960,45959,45958,66933,66932,66931,67090,67089,67088)
2018-3-27 11-5-57	ERROR:  syntax error at or near "where"
LINE 1: update tb_task_blockdetail set  where id in (20634,20633,206...
                                        ^

2018-3-27 11-5-57	update tb_task_blockdetail set  where id in (20634,20633,20632,29544,29543,29542,29541,29540,29539,29538,29537,29536,29535,45972,45971,45970,45957,45956,45955,45954,45953,45952,45951,45950,45949,45948,45947,45946,45945,45944,45943,45942,45969,45968,45967,45966,45965,45964,45963,45962,45961,45960,45959,45958,66933,66932,66931,67090,67089,67088)
2018-3-27 11-6-17	ERROR:  syntax error at or near "where"
LINE 1: update tb_task_blockdetail set  where id in (20634,20633,206...
                                        ^

2018-3-27 11-6-17	update tb_task_blockdetail set  where id in (20634,20633,20632,29544,29543,29542,29541,29540,29539,29538,29537,29536,29535,45972,45971,45970,45957,45956,45955,45954,45953,45952,45951,45950,45949,45948,45947,45946,45945,45944,45943,45942,45969,45968,45967,45966,45965,45964,45963,45962,45961,45960,45959,45958,66933,66932,66931,67090,67089,67088)
2018-3-27 11-6-38	ERROR:  syntax error at or near "where"
LINE 1: update tb_task_blockdetail set  where id in (20634,20633,206...
                                        ^

2018-3-27 11-6-38	update tb_task_blockdetail set  where id in (20634,20633,20632,29544,29543,29542,29541,29540,29539,29538,29537,29536,29535,45972,45971,45970,45957,45956,45955,45954,45953,45952,45951,45950,45949,45948,45947,45946,45945,45944,45943,45942,45969,45968,45967,45966,45965,45964,45963,45962,45961,45960,45959,45958,66933,66932,66931,67090,67089,67088)
2018-3-27 11-6-57	ERROR:  syntax error at or near "where"
LINE 1: update tb_task_blockdetail set  where id in (20634,20633,206...
                                        ^

2018-3-27 11-6-57	update tb_task_blockdetail set  where id in (20634,20633,20632,29544,29543,29542,29541,29540,29539,29538,29537,29536,29535,45972,45971,45970,45957,45956,45955,45954,45953,45952,45951,45950,45949,45948,45947,45946,45945,45944,45943,45942,45969,45968,45967,45966,45965,45964,45963,45962,45961,45960,45959,45958,66933,66932,66931,67090,67089,67088)
2018-3-27 11-7-19	ERROR:  syntax error at or near "where"
LINE 1: update tb_task_blockdetail set  where id in (20634,20633,206...
                                        ^

2018-3-27 11-7-19	update tb_task_blockdetail set  where id in (20634,20633,20632,29544,29543,29542,29541,29540,29539,29538,29537,29536,29535,45972,45971,45970,45957,45956,45955,45954,45953,45952,45951,45950,45949,45948,45947,45946,45945,45944,45943,45942,45969,45968,45967,45966,45965,45964,45963,45962,45961,45960,45959,45958,66933,66932,66931,67090,67089,67088)
2018-3-27 11-7-37	ERROR:  syntax error at or near "where"
LINE 1: update tb_task_blockdetail set  where id in (20634,20633,206...
                                        ^

2018-3-27 11-7-37	update tb_task_blockdetail set  where id in (20634,20633,20632,29544,29543,29542,29541,29540,29539,29538,29537,29536,29535,45972,45971,45970,45957,45956,45955,45954,45953,45952,45951,45950,45949,45948,45947,45946,45945,45944,45943,45942,45969,45968,45967,45966,45965,45964,45963,45962,45961,45960,45959,45958,66933,66932,66931,67090,67089,67088)
2018-3-27 11-7-57	ERROR:  syntax error at or near "where"
LINE 1: update tb_task_blockdetail set  where id in (20634,20633,206...
                                        ^

2018-3-27 11-7-57	update tb_task_blockdetail set  where id in (20634,20633,20632,29544,29543,29542,29541,29540,29539,29538,29537,29536,29535,45972,45971,45970,45957,45956,45955,45954,45953,45952,45951,45950,45949,45948,45947,45946,45945,45944,45943,45942,45969,45968,45967,45966,45965,45964,45963,45962,45961,45960,45959,45958,66933,66932,66931,67090,67089,67088)
2018-3-27 11-8-17	ERROR:  syntax error at or near "where"
LINE 1: update tb_task_blockdetail set  where id in (20634,20633,206...
                                        ^

2018-3-27 11-8-17	update tb_task_blockdetail set  where id in (20634,20633,20632,29544,29543,29542,29541,29540,29539,29538,29537,29536,29535,45972,45971,45970,45957,45956,45955,45954,45953,45952,45951,45950,45949,45948,45947,45946,45945,45944,45943,45942,45969,45968,45967,45966,45965,45964,45963,45962,45961,45960,45959,45958,66933,66932,66931,67090,67089,67088)
2018-3-27 11-8-37	ERROR:  syntax error at or near "where"
LINE 1: update tb_task_blockdetail set  where id in (20634,20633,206...
                                        ^

2018-3-27 11-8-37	update tb_task_blockdetail set  where id in (20634,20633,20632,29544,29543,29542,29541,29540,29539,29538,29537,29536,29535,45972,45971,45970,45957,45956,45955,45954,45953,45952,45951,45950,45949,45948,45947,45946,45945,45944,45943,45942,45969,45968,45967,45966,45965,45964,45963,45962,45961,45960,45959,45958,66933,66932,66931,67090,67089,67088)
2018-3-27 11-8-57	ERROR:  syntax error at or near "where"
LINE 1: update tb_task_blockdetail set  where id in (20634,20633,206...
                                        ^

2018-3-27 11-8-57	update tb_task_blockdetail set  where id in (20634,20633,20632,29544,29543,29542,29541,29540,29539,29538,29537,29536,29535,45972,45971,45970,45957,45956,45955,45954,45953,45952,45951,45950,45949,45948,45947,45946,45945,45944,45943,45942,45969,45968,45967,45966,45965,45964,45963,45962,45961,45960,45959,45958,66933,66932,66931,67090,67089,67088)
2018-3-27 11-9-17	ERROR:  syntax error at or near "where"
LINE 1: update tb_task_blockdetail set  where id in (20634,20633,206...
                                        ^

2018-3-27 11-9-17	update tb_task_blockdetail set  where id in (20634,20633,20632,29544,29543,29542,29541,29540,29539,29538,29537,29536,29535,45972,45971,45970,45957,45956,45955,45954,45953,45952,45951,45950,45949,45948,45947,45946,45945,45944,45943,45942,45969,45968,45967,45966,45965,45964,45963,45962,45961,45960,45959,45958,66933,66932,66931,67090,67089,67088)
2018-3-27 11-9-37	ERROR:  syntax error at or near "where"
LINE 1: update tb_task_blockdetail set  where id in (20634,20633,206...
                                        ^

2018-3-27 11-9-37	update tb_task_blockdetail set  where id in (20634,20633,20632,29544,29543,29542,29541,29540,29539,29538,29537,29536,29535,45972,45971,45970,45957,45956,45955,45954,45953,45952,45951,45950,45949,45948,45947,45946,45945,45944,45943,45942,45969,45968,45967,45966,45965,45964,45963,45962,45961,45960,45959,45958,66933,66932,66931,67090,67089,67088)
2018-3-27 11-9-57	ERROR:  syntax error at or near "where"
LINE 1: update tb_task_blockdetail set  where id in (20634,20633,206...
                                        ^

2018-3-27 11-9-57	update tb_task_blockdetail set  where id in (20634,20633,20632,29544,29543,29542,29541,29540,29539,29538,29537,29536,29535,45972,45971,45970,45957,45956,45955,45954,45953,45952,45951,45950,45949,45948,45947,45946,45945,45944,45943,45942,45969,45968,45967,45966,45965,45964,45963,45962,45961,45960,45959,45958,66933,66932,66931,67090,67089,67088)
2018-3-27 11-10-17	ERROR:  syntax error at or near "where"
LINE 1: update tb_task_blockdetail set  where id in (20634,20633,206...
                                        ^

2018-3-27 11-10-17	update tb_task_blockdetail set  where id in (20634,20633,20632,29544,29543,29542,29541,29540,29539,29538,29537,29536,29535,45972,45971,45970,45957,45956,45955,45954,45953,45952,45951,45950,45949,45948,45947,45946,45945,45944,45943,45942,45969,45968,45967,45966,45965,45964,45963,45962,45961,45960,45959,45958,66933,66932,66931,67090,67089,67088)
2018-3-27 11-10-37	ERROR:  syntax error at or near "where"
LINE 1: update tb_task_blockdetail set  where id in (20634,20633,206...
                                        ^

2018-3-27 11-10-37	update tb_task_blockdetail set  where id in (20634,20633,20632,29544,29543,29542,29541,29540,29539,29538,29537,29536,29535,45972,45971,45970,45957,45956,45955,45954,45953,45952,45951,45950,45949,45948,45947,45946,45945,45944,45943,45942,45969,45968,45967,45966,45965,45964,45963,45962,45961,45960,45959,45958,66933,66932,66931,67090,67089,67088)
2018-3-27 11-10-57	ERROR:  syntax error at or near "where"
LINE 1: update tb_task_blockdetail set  where id in (20634,20633,206...
                                        ^

2018-3-27 11-10-57	update tb_task_blockdetail set  where id in (20634,20633,20632,29544,29543,29542,29541,29540,29539,29538,29537,29536,29535,45972,45971,45970,45957,45956,45955,45954,45953,45952,45951,45950,45949,45948,45947,45946,45945,45944,45943,45942,45969,45968,45967,45966,45965,45964,45963,45962,45961,45960,45959,45958,66933,66932,66931,67090,67089,67088)
2018-3-27 11-11-17	ERROR:  syntax error at or near "where"
LINE 1: update tb_task_blockdetail set  where id in (20634,20633,206...
                                        ^

2018-3-27 11-11-17	update tb_task_blockdetail set  where id in (20634,20633,20632,29544,29543,29542,29541,29540,29539,29538,29537,29536,29535,45972,45971,45970,45957,45956,45955,45954,45953,45952,45951,45950,45949,45948,45947,45946,45945,45944,45943,45942,45969,45968,45967,45966,45965,45964,45963,45962,45961,45960,45959,45958,66933,66932,66931,67090,67089,67088)
2018-3-27 11-11-37	ERROR:  syntax error at or near "where"
LINE 1: update tb_task_blockdetail set  where id in (20634,20633,206...
                                        ^

2018-3-27 11-11-37	update tb_task_blockdetail set  where id in (20634,20633,20632,29544,29543,29542,29541,29540,29539,29538,29537,29536,29535,45972,45971,45970,45957,45956,45955,45954,45953,45952,45951,45950,45949,45948,45947,45946,45945,45944,45943,45942,45969,45968,45967,45966,45965,45964,45963,45962,45961,45960,45959,45958,66933,66932,66931,67090,67089,67088)
2018-3-27 11-11-57	ERROR:  syntax error at or near "where"
LINE 1: update tb_task_blockdetail set  where id in (20634,20633,206...
                                        ^

2018-3-27 11-11-57	update tb_task_blockdetail set  where id in (20634,20633,20632,29544,29543,29542,29541,29540,29539,29538,29537,29536,29535,45972,45971,45970,45957,45956,45955,45954,45953,45952,45951,45950,45949,45948,45947,45946,45945,45944,45943,45942,45969,45968,45967,45966,45965,45964,45963,45962,45961,45960,45959,45958,66933,66932,66931,67090,67089,67088)
2018-3-27 11-12-19	ERROR:  syntax error at or near "where"
LINE 1: update tb_task_blockdetail set  where id in (20634,20633,206...
                                        ^

2018-3-27 11-12-19	update tb_task_blockdetail set  where id in (20634,20633,20632,29544,29543,29542,29541,29540,29539,29538,29537,29536,29535,45972,45971,45970,45957,45956,45955,45954,45953,45952,45951,45950,45949,45948,45947,45946,45945,45944,45943,45942,45969,45968,45967,45966,45965,45964,45963,45962,45961,45960,45959,45958,66933,66932,66931,67090,67089,67088)
2018-3-27 11-12-37	ERROR:  syntax error at or near "where"
LINE 1: update tb_task_blockdetail set  where id in (20634,20633,206...
                                        ^

2018-3-27 11-12-37	update tb_task_blockdetail set  where id in (20634,20633,20632,29544,29543,29542,29541,29540,29539,29538,29537,29536,29535,45972,45971,45970,45957,45956,45955,45954,45953,45952,45951,45950,45949,45948,45947,45946,45945,45944,45943,45942,45969,45968,45967,45966,45965,45964,45963,45962,45961,45960,45959,45958,66933,66932,66931,67090,67089,67088)
2018-3-27 11-12-57	ERROR:  syntax error at or near "where"
LINE 1: update tb_task_blockdetail set  where id in (20634,20633,206...
                                        ^

2018-3-27 11-12-57	update tb_task_blockdetail set  where id in (20634,20633,20632,29544,29543,29542,29541,29540,29539,29538,29537,29536,29535,45972,45971,45970,45957,45956,45955,45954,45953,45952,45951,45950,45949,45948,45947,45946,45945,45944,45943,45942,45969,45968,45967,45966,45965,45964,45963,45962,45961,45960,45959,45958,66933,66932,66931,67090,67089,67088)
2018-3-27 11-13-18	ERROR:  syntax error at or near "where"
LINE 1: update tb_task_blockdetail set  where id in (20634,20633,206...
                                        ^

2018-3-27 11-13-18	update tb_task_blockdetail set  where id in (20634,20633,20632,29544,29543,29542,29541,29540,29539,29538,29537,29536,29535,45972,45971,45970,45957,45956,45955,45954,45953,45952,45951,45950,45949,45948,45947,45946,45945,45944,45943,45942,45969,45968,45967,45966,45965,45964,45963,45962,45961,45960,45959,45958,66933,66932,66931,67090,67089,67088)
2018-3-27 11-13-37	ERROR:  syntax error at or near "where"
LINE 1: update tb_task_blockdetail set  where id in (20634,20633,206...
                                        ^

2018-3-27 11-13-37	update tb_task_blockdetail set  where id in (20634,20633,20632,29544,29543,29542,29541,29540,29539,29538,29537,29536,29535,45972,45971,45970,45957,45956,45955,45954,45953,45952,45951,45950,45949,45948,45947,45946,45945,45944,45943,45942,45969,45968,45967,45966,45965,45964,45963,45962,45961,45960,45959,45958,66933,66932,66931,67090,67089,67088)
2018-3-27 11-13-57	ERROR:  syntax error at or near "where"
LINE 1: update tb_task_blockdetail set  where id in (20634,20633,206...
                                        ^

2018-3-27 11-13-57	update tb_task_blockdetail set  where id in (20634,20633,20632,29544,29543,29542,29541,29540,29539,29538,29537,29536,29535,45972,45971,45970,45957,45956,45955,45954,45953,45952,45951,45950,45949,45948,45947,45946,45945,45944,45943,45942,45969,45968,45967,45966,45965,45964,45963,45962,45961,45960,45959,45958,66933,66932,66931,67090,67089,67088)
2018-3-27 11-14-17	ERROR:  syntax error at or near "where"
LINE 1: update tb_task_blockdetail set  where id in (20634,20633,206...
                                        ^

2018-3-27 11-14-17	update tb_task_blockdetail set  where id in (20634,20633,20632,29544,29543,29542,29541,29540,29539,29538,29537,29536,29535,45972,45971,45970,45957,45956,45955,45954,45953,45952,45951,45950,45949,45948,45947,45946,45945,45944,45943,45942,45969,45968,45967,45966,45965,45964,45963,45962,45961,45960,45959,45958,66933,66932,66931,67090,67089,67088)
2018-3-27 11-14-37	ERROR:  syntax error at or near "where"
LINE 1: update tb_task_blockdetail set  where id in (20634,20633,206...
                                        ^

2018-3-27 11-14-37	update tb_task_blockdetail set  where id in (20634,20633,20632,29544,29543,29542,29541,29540,29539,29538,29537,29536,29535,45972,45971,45970,45957,45956,45955,45954,45953,45952,45951,45950,45949,45948,45947,45946,45945,45944,45943,45942,45969,45968,45967,45966,45965,45964,45963,45962,45961,45960,45959,45958,66933,66932,66931,67090,67089,67088)
2018-3-27 11-14-58	ERROR:  syntax error at or near "where"
LINE 1: update tb_task_blockdetail set  where id in (20634,20633,206...
                                        ^

2018-3-27 11-14-58	update tb_task_blockdetail set  where id in (20634,20633,20632,29544,29543,29542,29541,29540,29539,29538,29537,29536,29535,45972,45971,45970,45957,45956,45955,45954,45953,45952,45951,45950,45949,45948,45947,45946,45945,45944,45943,45942,45969,45968,45967,45966,45965,45964,45963,45962,45961,45960,45959,45958,66933,66932,66931,67090,67089,67088)
2018-3-27 11-15-18	ERROR:  syntax error at or near "where"
LINE 1: update tb_task_blockdetail set  where id in (20634,20633,206...
                                        ^

2018-3-27 11-15-18	update tb_task_blockdetail set  where id in (20634,20633,20632,29544,29543,29542,29541,29540,29539,29538,29537,29536,29535,45972,45971,45970,45957,45956,45955,45954,45953,45952,45951,45950,45949,45948,45947,45946,45945,45944,45943,45942,45969,45968,45967,45966,45965,45964,45963,45962,45961,45960,45959,45958,66933,66932,66931,67090,67089,67088)
2018-3-27 11-15-38	ERROR:  syntax error at or near "where"
LINE 1: update tb_task_blockdetail set  where id in (20634,20633,206...
                                        ^

2018-3-27 11-15-38	update tb_task_blockdetail set  where id in (20634,20633,20632,29544,29543,29542,29541,29540,29539,29538,29537,29536,29535,45972,45971,45970,45957,45956,45955,45954,45953,45952,45951,45950,45949,45948,45947,45946,45945,45944,45943,45942,45969,45968,45967,45966,45965,45964,45963,45962,45961,45960,45959,45958,66933,66932,66931,67090,67089,67088)
2018-3-27 11-15-57	ERROR:  syntax error at or near "where"
LINE 1: update tb_task_blockdetail set  where id in (20634,20633,206...
                                        ^

2018-3-27 11-15-57	update tb_task_blockdetail set  where id in (20634,20633,20632,29544,29543,29542,29541,29540,29539,29538,29537,29536,29535,45972,45971,45970,45957,45956,45955,45954,45953,45952,45951,45950,45949,45948,45947,45946,45945,45944,45943,45942,45969,45968,45967,45966,45965,45964,45963,45962,45961,45960,45959,45958,66933,66932,66931,67090,67089,67088)
2018-3-27 11-16-18	ERROR:  syntax error at or near "where"
LINE 1: update tb_task_blockdetail set  where id in (20634,20633,206...
                                        ^

2018-3-27 11-16-18	update tb_task_blockdetail set  where id in (20634,20633,20632,29544,29543,29542,29541,29540,29539,29538,29537,29536,29535,45972,45971,45970,45957,45956,45955,45954,45953,45952,45951,45950,45949,45948,45947,45946,45945,45944,45943,45942,45969,45968,45967,45966,45965,45964,45963,45962,45961,45960,45959,45958,66933,66932,66931,67090,67089,67088)
2018-3-27 11-16-37	ERROR:  syntax error at or near "where"
LINE 1: update tb_task_blockdetail set  where id in (20634,20633,206...
                                        ^

2018-3-27 11-16-37	update tb_task_blockdetail set  where id in (20634,20633,20632,29544,29543,29542,29541,29540,29539,29538,29537,29536,29535,45972,45971,45970,45957,45956,45955,45954,45953,45952,45951,45950,45949,45948,45947,45946,45945,45944,45943,45942,45969,45968,45967,45966,45965,45964,45963,45962,45961,45960,45959,45958,66933,66932,66931,67090,67089,67088)
2018-3-27 11-16-57	ERROR:  syntax error at or near "where"
LINE 1: update tb_task_blockdetail set  where id in (20634,20633,206...
                                        ^

2018-3-27 11-16-57	update tb_task_blockdetail set  where id in (20634,20633,20632,29544,29543,29542,29541,29540,29539,29538,29537,29536,29535,45972,45971,45970,45957,45956,45955,45954,45953,45952,45951,45950,45949,45948,45947,45946,45945,45944,45943,45942,45969,45968,45967,45966,45965,45964,45963,45962,45961,45960,45959,45958,66933,66932,66931,67090,67089,67088)
2018-9-13 12-38-23	ERROR:  syntax error at end of input
LINE 1: ...rom errorlog_area.tb_error where  batchid = 1520180528092704
                                                                       ^

2018-9-13 12-38-23	select id from errorlog_area.tb_error_related where errorid in (select id from errorlog_area.tb_error where  batchid = 1520180528092704
2018-9-13 12-39-57	ERROR:  syntax error at or near "selete"
LINE 1: selete id from errorlog_area.tb_error where  batchid = 15201...
        ^

2018-9-13 12-39-57	selete id from errorlog_area.tb_error where  batchid = 1520180528092704)
2018-9-14 20-22-32	ERROR:  syntax error at end of input
LINE 1: ...44010 and errortype in (11700010014,11700010015) limit 3000)
                                                                       ^

2018-9-14 20-22-32	delete from errorlog_area.tb_error_related where id in (select id from errorlog_area.tb_error_related where errorid in (select id from tb_error where batchid = 1720180620144010 and errortype in (11700010014,11700010015) limit 3000)
2018-9-18 21-11-40	ERROR:  syntax error at or near ";"
LINE 1: ...ere state = 2 and process = 52 and id <521500 limit 3000 ) ;
                                                                      ^

2018-9-18 21-11-40	delete from b_task_link_itemset where id in (select id from tb_task_link_itemset where  taskid in (select id from tb_task where state = 2 and process = 52 and id <521500 limit 3000 ) ;
2018-9-18 21-12-23	ERROR:  syntax error at or near ";"
LINE 1: ...ere state = 2 and process = 52 and id <521500 limit 3000 ) ;
                                                                      ^

2018-9-18 21-12-23	delete from tb_task_link_itemset where id in (select id from tb_task_link_itemset where  taskid in (select id from tb_task where state = 2 and process = 52 and id <521500 limit 3000 ) ;
2018-9-18 21-13-17	ERROR:  syntax error at or near ";"
LINE 1: ...ere state = 2 and process = 52 and id <521500 limit 3000 ) ;
                                                                      ^

2018-9-18 21-13-17	delete from tb_task_link_itemset where id in (select id from tb_task_link_itemset where  taskid in (select id from tb_task where state = 2 and process = 52 and id <521500 limit 3000 ) ;
